<?xml version="1.0" encoding="UTF-8"?>
<testng-results ignored="0" total="4" passed="3" failed="1" skipped="0">
  <reporter-output>
  </reporter-output>
  <suite started-at="2025-05-14T00:09:58 WEST" name="Suite" finished-at="2025-05-14T00:10:54 WEST" duration-ms="56315">
    <groups>
      <group name="ErrorHandling">
        <method signature="ErrorValidation.logingErrorValidation()[pri:0, instance:MohamedHafdi.Tests.ErrorValidation@5d908d47]" name="logingErrorValidation" class="MohamedHafdi.Tests.ErrorValidation"/>
      </group> <!-- ErrorHandling -->
      <group name="Automation">
        <method signature="SubmitOrderTest.CartPage(java.util.HashMap)[pri:0, instance:MohamedHafdi.Tests.SubmitOrderTest@4f32a3ad]" name="CartPage" class="MohamedHafdi.Tests.SubmitOrderTest"/>
        <method signature="SubmitOrderTest.orderHistoryTest(java.util.HashMap)[pri:0, instance:MohamedHafdi.Tests.SubmitOrderTest@4f32a3ad]" name="orderHistoryTest" class="MohamedHafdi.Tests.SubmitOrderTest"/>
        <method signature="ErrorValidation.logingErrorValidation()[pri:0, instance:MohamedHafdi.Tests.ErrorValidation@5d908d47]" name="logingErrorValidation" class="MohamedHafdi.Tests.ErrorValidation"/>
      </group> <!-- Automation -->
      <group name="Test">
        <method signature="SubmitOrderTest.CartPage(java.util.HashMap)[pri:0, instance:MohamedHafdi.Tests.SubmitOrderTest@4f32a3ad]" name="CartPage" class="MohamedHafdi.Tests.SubmitOrderTest"/>
      </group> <!-- Test -->
      <group name="purchaseOrder">
        <method signature="SubmitOrderTest.submitOrder(java.util.HashMap)[pri:0, instance:MohamedHafdi.Tests.SubmitOrderTest@4f32a3ad]" name="submitOrder" class="MohamedHafdi.Tests.SubmitOrderTest"/>
        <method signature="SubmitOrderTest.orderHistoryTest(java.util.HashMap)[pri:0, instance:MohamedHafdi.Tests.SubmitOrderTest@4f32a3ad]" name="orderHistoryTest" class="MohamedHafdi.Tests.SubmitOrderTest"/>
      </group> <!-- purchaseOrder -->
    </groups>
    <test started-at="2025-05-14T00:09:58 WEST" name="Error Validation Test" finished-at="2025-05-14T00:10:18 WEST" duration-ms="20432">
      <class name="MohamedHafdi.Tests.ErrorValidation">
        <test-method is-config="true" signature="launchApplication()[pri:0, instance:MohamedHafdi.Tests.ErrorValidation@5d908d47]" started-at="2025-05-14T00:09:58 WEST" name="launchApplication" finished-at="2025-05-14T00:10:14 WEST" duration-ms="16512" status="PASS">
          <reporter-output>
          </reporter-output>
        </test-method> <!-- launchApplication -->
        <test-method signature="logingErrorValidation()[pri:0, instance:MohamedHafdi.Tests.ErrorValidation@5d908d47]" started-at="2025-05-14T00:10:14 WEST" name="logingErrorValidation" finished-at="2025-05-14T00:10:17 WEST" duration-ms="2257" status="FAIL">
          <exception class="java.lang.AssertionError">
            <message>
              <![CDATA[expected [false] but found [true]]]>
            </message>
            <full-stacktrace>
              <![CDATA[java.lang.AssertionError: expected [false] but found [true]
at org.testng.Assert.fail(Assert.java:111)
at org.testng.Assert.failNotEquals(Assert.java:1590)
at org.testng.Assert.assertFalse(Assert.java:79)
at org.testng.Assert.assertFalse(Assert.java:89)
at MohamedHafdi.Tests.ErrorValidation.logingErrorValidation(ErrorValidation.java:37)
at java.base/jdk.internal.reflect.DirectMethodHandleAccessor.invoke(DirectMethodHandleAccessor.java:103)
at java.base/java.lang.reflect.Method.invoke(Method.java:580)
at org.testng.internal.invokers.MethodInvocationHelper.invokeMethod(MethodInvocationHelper.java:141)
at org.testng.internal.invokers.TestInvoker.invokeMethod(TestInvoker.java:687)
at org.testng.internal.invokers.TestInvoker.invokeTestMethod(TestInvoker.java:230)
at org.testng.internal.invokers.MethodRunner.runInSequence(MethodRunner.java:63)
at org.testng.internal.invokers.TestInvoker$MethodInvocationAgent.invoke(TestInvoker.java:995)
at org.testng.internal.invokers.TestInvoker.invokeTestMethods(TestInvoker.java:203)
at org.testng.internal.invokers.TestMethodWorker.invokeTestMethods(TestMethodWorker.java:154)
at org.testng.internal.invokers.TestMethodWorker.run(TestMethodWorker.java:134)
at java.base/java.util.ArrayList.forEach(ArrayList.java:1596)
at org.testng.TestRunner.privateRun(TestRunner.java:741)
at org.testng.TestRunner.run(TestRunner.java:616)
at org.testng.SuiteRunner.runTest(SuiteRunner.java:421)
at org.testng.SuiteRunner$SuiteWorker.run(SuiteRunner.java:463)
at org.testng.internal.thread.ThreadUtil.lambda$execute$0(ThreadUtil.java:64)
at java.base/java.util.concurrent.FutureTask.run(FutureTask.java:317)
at java.base/java.util.concurrent.ThreadPoolExecutor.runWorker(ThreadPoolExecutor.java:1144)
at java.base/java.util.concurrent.ThreadPoolExecutor$Worker.run(ThreadPoolExecutor.java:642)
at java.base/java.lang.Thread.run(Thread.java:1583)
]]>
            </full-stacktrace>
          </exception> <!-- java.lang.AssertionError -->
          <reporter-output>
          </reporter-output>
        </test-method> <!-- logingErrorValidation -->
        <test-method is-config="true" signature="teardown()[pri:0, instance:MohamedHafdi.Tests.ErrorValidation@5d908d47]" started-at="2025-05-14T00:10:17 WEST" name="teardown" finished-at="2025-05-14T00:10:18 WEST" duration-ms="803" status="PASS">
          <reporter-output>
          </reporter-output>
        </test-method> <!-- teardown -->
      </class> <!-- MohamedHafdi.Tests.ErrorValidation -->
    </test> <!-- Error Validation Test -->
    <test started-at="2025-05-14T00:09:58 WEST" name="Submit Order Test" finished-at="2025-05-14T00:10:54 WEST" duration-ms="56315">
      <class name="MohamedHafdi.Tests.SubmitOrderTest">
        <test-method is-config="true" signature="launchApplication()[pri:0, instance:MohamedHafdi.Tests.SubmitOrderTest@4f32a3ad]" started-at="2025-05-14T00:09:58 WEST" name="launchApplication" finished-at="2025-05-14T00:10:16 WEST" duration-ms="17056" status="PASS">
          <reporter-output>
          </reporter-output>
        </test-method> <!-- launchApplication -->
        <test-method signature="CartPage(java.util.HashMap)[pri:0, instance:MohamedHafdi.Tests.SubmitOrderTest@4f32a3ad]" started-at="2025-05-14T00:10:16 WEST" name="CartPage" data-provider="getData" finished-at="2025-05-14T00:10:21 WEST" duration-ms="5939" status="PASS">
          <params>
            <param index="0">
              <value>
                <![CDATA[{password=Mohamed@1234, email=mohamed1234@gmail.com, productName=zara coat 3, productPrice=$ 31500}]]>
              </value>
            </param>
          </params>
          <reporter-output>
          </reporter-output>
        </test-method> <!-- CartPage -->
        <test-method is-config="true" signature="teardown()[pri:0, instance:MohamedHafdi.Tests.SubmitOrderTest@4f32a3ad]" started-at="2025-05-14T00:10:21 WEST" name="teardown" finished-at="2025-05-14T00:10:22 WEST" duration-ms="399" status="PASS">
          <reporter-output>
          </reporter-output>
        </test-method> <!-- teardown -->
        <test-method is-config="true" signature="launchApplication()[pri:0, instance:MohamedHafdi.Tests.SubmitOrderTest@4f32a3ad]" started-at="2025-05-14T00:10:22 WEST" name="launchApplication" finished-at="2025-05-14T00:10:31 WEST" duration-ms="8935" status="PASS">
          <reporter-output>
          </reporter-output>
        </test-method> <!-- launchApplication -->
        <test-method signature="submitOrder(java.util.HashMap)[pri:0, instance:MohamedHafdi.Tests.SubmitOrderTest@4f32a3ad]" started-at="2025-05-14T00:10:31 WEST" name="submitOrder" data-provider="getData" finished-at="2025-05-14T00:10:38 WEST" duration-ms="6893" status="PASS">
          <params>
            <param index="0">
              <value>
                <![CDATA[{password=Mohamed@1234, email=mohamed1234@gmail.com, productName=zara coat 3, productPrice=$ 31500}]]>
              </value>
            </param>
          </params>
          <reporter-output>
          </reporter-output>
        </test-method> <!-- submitOrder -->
        <test-method is-config="true" signature="teardown()[pri:0, instance:MohamedHafdi.Tests.SubmitOrderTest@4f32a3ad]" started-at="2025-05-14T00:10:38 WEST" name="teardown" finished-at="2025-05-14T00:10:38 WEST" duration-ms="290" status="PASS">
          <reporter-output>
          </reporter-output>
        </test-method> <!-- teardown -->
        <test-method is-config="true" signature="launchApplication()[pri:0, instance:MohamedHafdi.Tests.SubmitOrderTest@4f32a3ad]" started-at="2025-05-14T00:10:38 WEST" name="launchApplication" finished-at="2025-05-14T00:10:52 WEST" duration-ms="13670" status="PASS">
          <reporter-output>
          </reporter-output>
        </test-method> <!-- launchApplication -->
        <test-method signature="orderHistoryTest(java.util.HashMap)[pri:0, instance:MohamedHafdi.Tests.SubmitOrderTest@4f32a3ad]" started-at="2025-05-14T00:10:52 WEST" name="orderHistoryTest" data-provider="getData" finished-at="2025-05-14T00:10:54 WEST" depends-on-methods="MohamedHafdi.Tests.SubmitOrderTest.submitOrder" duration-ms="1960" status="PASS">
          <params>
            <param index="0">
              <value>
                <![CDATA[{password=Mohamed@1234, email=mohamed1234@gmail.com, productName=zara coat 3, productPrice=$ 31500}]]>
              </value>
            </param>
          </params>
          <reporter-output>
          </reporter-output>
        </test-method> <!-- orderHistoryTest -->
        <test-method is-config="true" signature="teardown()[pri:0, instance:MohamedHafdi.Tests.SubmitOrderTest@4f32a3ad]" started-at="2025-05-14T00:10:54 WEST" name="teardown" finished-at="2025-05-14T00:10:54 WEST" duration-ms="346" status="PASS">
          <reporter-output>
          </reporter-output>
        </test-method> <!-- teardown -->
      </class> <!-- MohamedHafdi.Tests.SubmitOrderTest -->
    </test> <!-- Submit Order Test -->
  </suite> <!-- Suite -->
</testng-results>
