<?xml version="1.0" encoding="UTF-8"?>
<testng-results ignored="3" total="4" passed="0" failed="1" skipped="0">
  <reporter-output>
  </reporter-output>
  <suite started-at="2025-05-12T16:03:45 WEST" name="Suite" finished-at="2025-05-12T16:03:59 WEST" duration-ms="13377">
    <groups>
      <group name="ErrorHandling">
        <method signature="ErrorValidation.logingErrorValidation()[pri:0, instance:MohamedHafdi.Tests.ErrorValidation@3eb91815]" name="logingErrorValidation" class="MohamedHafdi.Tests.ErrorValidation"/>
      </group> <!-- ErrorHandling -->
    </groups>
    <test started-at="2025-05-12T16:03:45 WEST" name="Submit Order Test" finished-at="2025-05-12T16:03:45 WEST" duration-ms="20">
    </test> <!-- Submit Order Test -->
    <test started-at="2025-05-12T16:03:45 WEST" name="Error Validation Test" finished-at="2025-05-12T16:03:59 WEST" duration-ms="13377">
      <class name="MohamedHafdi.Tests.ErrorValidation">
        <test-method is-config="true" signature="launchApplication()[pri:0, instance:MohamedHafdi.Tests.ErrorValidation@3eb91815]" started-at="2025-05-12T16:03:46 WEST" name="launchApplication" finished-at="2025-05-12T16:03:56 WEST" duration-ms="10467" status="PASS">
          <reporter-output>
          </reporter-output>
        </test-method> <!-- launchApplication -->
        <test-method signature="logingErrorValidation()[pri:0, instance:MohamedHafdi.Tests.ErrorValidation@3eb91815]" started-at="2025-05-12T16:03:56 WEST" name="logingErrorValidation" finished-at="2025-05-12T16:03:58 WEST" duration-ms="1567" status="FAIL">
          <exception class="java.lang.AssertionError">
            <message>
              <![CDATA[expected [Incorrect mail password.] but found [Incorrect email or password.]]]>
            </message>
            <full-stacktrace>
              <![CDATA[java.lang.AssertionError: expected [Incorrect mail password.] but found [Incorrect email or password.]
at org.testng.Assert.fail(Assert.java:111)
at org.testng.Assert.failNotEquals(Assert.java:1590)
at org.testng.Assert.assertEqualsImpl(Assert.java:150)
at org.testng.Assert.assertEquals(Assert.java:132)
at org.testng.Assert.assertEquals(Assert.java:656)
at org.testng.Assert.assertEquals(Assert.java:666)
at MohamedHafdi.Tests.ErrorValidation.logingErrorValidation(ErrorValidation.java:35)
at java.base/jdk.internal.reflect.DirectMethodHandleAccessor.invoke(DirectMethodHandleAccessor.java:103)
at java.base/java.lang.reflect.Method.invoke(Method.java:580)
at org.testng.internal.invokers.MethodInvocationHelper.invokeMethod(MethodInvocationHelper.java:141)
at org.testng.internal.invokers.TestInvoker.invokeMethod(TestInvoker.java:687)
at org.testng.internal.invokers.TestInvoker.invokeTestMethod(TestInvoker.java:230)
at org.testng.internal.invokers.MethodRunner.runInSequence(MethodRunner.java:63)
at org.testng.internal.invokers.TestInvoker$MethodInvocationAgent.invoke(TestInvoker.java:995)
at org.testng.internal.invokers.TestInvoker.invokeTestMethods(TestInvoker.java:203)
at org.testng.internal.invokers.TestMethodWorker.invokeTestMethods(TestMethodWorker.java:154)
at org.testng.internal.invokers.TestMethodWorker.run(TestMethodWorker.java:134)
at java.base/java.util.ArrayList.forEach(ArrayList.java:1596)
at org.testng.TestRunner.privateRun(TestRunner.java:741)
at org.testng.TestRunner.run(TestRunner.java:616)
at org.testng.SuiteRunner.runTest(SuiteRunner.java:421)
at org.testng.SuiteRunner$SuiteWorker.run(SuiteRunner.java:463)
at org.testng.internal.thread.ThreadUtil.lambda$execute$0(ThreadUtil.java:64)
at java.base/java.util.concurrent.FutureTask.run(FutureTask.java:317)
at java.base/java.util.concurrent.ThreadPoolExecutor.runWorker(ThreadPoolExecutor.java:1144)
at java.base/java.util.concurrent.ThreadPoolExecutor$Worker.run(ThreadPoolExecutor.java:642)
at java.base/java.lang.Thread.run(Thread.java:1583)
]]>
            </full-stacktrace>
          </exception> <!-- java.lang.AssertionError -->
          <reporter-output>
          </reporter-output>
        </test-method> <!-- logingErrorValidation -->
        <test-method is-config="true" signature="teardown()[pri:0, instance:MohamedHafdi.Tests.ErrorValidation@3eb91815]" started-at="2025-05-12T16:03:59 WEST" name="teardown" finished-at="2025-05-12T16:03:59 WEST" duration-ms="283" status="PASS">
          <reporter-output>
          </reporter-output>
        </test-method> <!-- teardown -->
      </class> <!-- MohamedHafdi.Tests.ErrorValidation -->
    </test> <!-- Error Validation Test -->
  </suite> <!-- Suite -->
</testng-results>
